<?xml version="1.0" encoding="UTF-8"?>
<!-- Generated by org.testng.reporters.JUnitXMLReporter -->
<testsuite ignored="7" hostname="hailv" failures="1" tests="1" name="Default test" time="0.078" errors="0" timestamp="2021-12-02T17:32:55 ICT">
  <testcase classname="InterfaceUSER.InterfaceUSER.LogInTest" name="LogInTest" time="0.01">
    <failure type="java.lang.RuntimeException" message="Test not implemented">
      <![CDATA[java.lang.RuntimeException: Test not implemented
at InterfaceUSER.InterfaceUSER.LogInTest.LogInTest(LogInTest.java:9)
at java.base/jdk.internal.reflect.NativeMethodAccessorImpl.invoke0(Native Method)
at java.base/jdk.internal.reflect.NativeMethodAccessorImpl.invoke(NativeMethodAccessorImpl.java:62)
at java.base/jdk.internal.reflect.DelegatingMethodAccessorImpl.invoke(DelegatingMethodAccessorImpl.java:43)
at java.base/java.lang.reflect.Method.invoke(Method.java:564)
at org.testng.internal.MethodInvocationHelper.invokeMethod(MethodInvocationHelper.java:133)
at org.testng.internal.TestInvoker.invokeMethod(TestInvoker.java:598)
at org.testng.internal.TestInvoker.invokeTestMethod(TestInvoker.java:173)
at org.testng.internal.MethodRunner.runInSequence(MethodRunner.java:46)
at org.testng.internal.TestInvoker$MethodInvocationAgent.invoke(TestInvoker.java:824)
at org.testng.internal.TestInvoker.invokeTestMethods(TestInvoker.java:146)
at org.testng.internal.TestMethodWorker.invokeTestMethods(TestMethodWorker.java:146)
at org.testng.internal.TestMethodWorker.run(TestMethodWorker.java:128)
at java.base/java.util.ArrayList.forEach(ArrayList.java:1511)
at org.testng.TestRunner.privateRun(TestRunner.java:794)
at org.testng.TestRunner.run(TestRunner.java:596)
at org.testng.SuiteRunner.runTest(SuiteRunner.java:377)
at org.testng.SuiteRunner.runSequentially(SuiteRunner.java:371)
at org.testng.SuiteRunner.privateRun(SuiteRunner.java:332)
at org.testng.SuiteRunner.run(SuiteRunner.java:276)
at org.testng.SuiteRunnerWorker.runSuite(SuiteRunnerWorker.java:53)
at org.testng.SuiteRunnerWorker.run(SuiteRunnerWorker.java:96)
at org.testng.TestNG.runSuitesSequentially(TestNG.java:1212)
at org.testng.TestNG.runSuitesLocally(TestNG.java:1134)
at org.testng.TestNG.runSuites(TestNG.java:1063)
at org.testng.TestNG.run(TestNG.java:1031)
at org.testng.remote.AbstractRemoteTestNG.run(AbstractRemoteTestNG.java:115)
at org.testng.remote.RemoteTestNG.initAndRun(RemoteTestNG.java:251)
at org.testng.remote.RemoteTestNG.main(RemoteTestNG.java:77)
]]>
    </failure>
  </testcase> <!-- LogInTest -->
  <testcase classname="InterfaceUSER.InterfaceUSER.LogInTest" name="initComponentsTest" time="0.0">
    <ignored/>
  </testcase> <!-- initComponentsTest -->
  <testcase classname="InterfaceUSER.InterfaceUSER.LogInTest" name="btnDangNhapActionPerformedTest" time="0.0">
    <ignored/>
  </testcase> <!-- btnDangNhapActionPerformedTest -->
  <testcase classname="InterfaceUSER.InterfaceUSER.LogInTest" name="btnThoatActionPerformedTest" time="0.0">
    <ignored/>
  </testcase> <!-- btnThoatActionPerformedTest -->
  <testcase classname="InterfaceUSER.InterfaceUSER.LogInTest" name="mainTest" time="0.0">
    <ignored/>
  </testcase> <!-- mainTest -->
  <testcase classname="InterfaceUSER.InterfaceUSER.LogInTest" name="TaiKHoanOLTest" time="0.0">
    <ignored/>
  </testcase> <!-- TaiKHoanOLTest -->
  <testcase classname="InterfaceUSER.InterfaceUSER.LogInTest" name="lblImage1MouseClickedTest" time="0.0">
    <ignored/>
  </testcase> <!-- lblImage1MouseClickedTest -->
  <testcase classname="InterfaceUSER.InterfaceUSER.LogInTest" name="LoginMainTest" time="0.0">
    <ignored/>
  </testcase> <!-- LoginMainTest -->
</testsuite> <!-- Default test -->
